[2025-07-03 07:31:39] INFO: POST /api/blog
[2025-07-03 07:33:25] INFO: POST /api/auth/register
[2025-07-03 07:42:30] INFO: POST /api/auth/register
[2025-07-03 07:42:45] INFO: POST /api/auth/register
[2025-07-03 07:42:45] ERROR: data and salt arguments required
[2025-07-03 07:52:49] INFO: POST /api/auth/login
[2025-07-03 07:52:52] INFO: POST /api/auth/login
[2025-07-03 07:52:53] INFO: POST /api/auth/login
[2025-07-03 07:52:54] INFO: POST /api/auth/login
[2025-07-03 07:52:56] INFO: POST /api/auth/login
[2025-07-03 07:52:57] INFO: POST /api/auth/login
[2025-07-03 07:53:02] INFO: POST /api/auth/login
[2025-07-03 07:55:42] INFO: 
[2025-07-03 07:55:52] INFO: server is running on port 8000
[2025-07-03 07:55:56] INFO: server is running on port 8000
[2025-07-03 07:56:09] INFO: server is running on port 8000
[2025-07-03 07:56:15] INFO: server is running on port 8000
[2025-07-03 07:56:18] INFO: server is running on port 8000
[2025-07-03 07:56:23] INFO: server is running on port 8000
[2025-07-03 07:56:23] INFO: 
[2025-07-03 07:56:37] INFO: server is running on port 8000
[2025-07-03 07:56:38] INFO: mongoDB Connected
[2025-07-03 07:56:41] INFO: server is running on port 8000
[2025-07-03 07:56:41] INFO: mongoDB connected
[2025-07-03 07:56:44] INFO: server is running on port 8000
[2025-07-03 07:56:44] INFO: mongoDB connected
[2025-07-03 07:56:53] INFO: server is running on port 8000
[2025-07-03 07:56:54] INFO: mongoDB connected
[2025-07-03 07:56:57] INFO: server is running on port 8000
[2025-07-03 07:56:57] INFO: mongoDB connected
[2025-07-03 07:57:04] INFO: server is running on port 8000
[2025-07-03 07:57:04] INFO: mongoDB connected
[2025-07-03 07:57:10] INFO: server is running on port 8000
[2025-07-03 07:57:10] INFO: mongoDB connected
[2025-07-03 08:45:23] INFO: server is running on port 8000
[2025-07-03 08:45:24] INFO: mongoDB connected
[2025-07-03 08:46:31] INFO: GET /api/blog
[2025-07-03 08:46:43] INFO: GET /blogs/68654d121338c3ae8efbe976
[2025-07-03 08:46:43] INFO: GET /blogs/68654d121338c3ae8efbe976
[2025-07-03 08:46:51] INFO: GET /api/blog
[2025-07-03 08:46:51] INFO: GET /api/blog
[2025-07-03 08:54:37] INFO: GET /api/blog
[2025-07-03 08:54:37] INFO: GET /api/blog
[2025-07-03 08:54:39] INFO: GET /api/blog/68654d121338c3ae8efbe976
[2025-07-03 08:54:39] INFO: GET /api/blog/68654d121338c3ae8efbe976
[2025-07-03 08:54:47] INFO: PUT /api/blog/68654d121338c3ae8efbe976
[2025-07-03 08:55:46] INFO: GET /api/blog/68654d121338c3ae8efbe976
[2025-07-03 08:55:48] INFO: GET /api/blog
[2025-07-03 08:55:48] INFO: GET /api/blog
[2025-07-03 08:56:37] INFO: POST /api/blog
[2025-07-03 08:56:56] INFO: POST /api/blog
[2025-07-03 08:58:14] INFO: GET /api/blog
[2025-07-03 08:58:14] INFO: GET /api/blog
[2025-07-03 08:59:00] INFO: POST /auth/login
[2025-07-03 08:59:07] INFO: POST /api/auth/login
[2025-07-03 08:59:28] INFO: POST /auth/login
[2025-07-03 09:00:21] INFO: POST /api/auth/login
[2025-07-03 09:00:21] INFO: GET /api/blog
[2025-07-03 09:00:21] INFO: GET /api/blog
[2025-07-03 09:05:15] INFO: GET /api/blog
[2025-07-03 09:05:24] INFO: GET /api/blog
[2025-07-03 09:06:29] INFO: GET /api/blog
[2025-07-03 09:06:34] INFO: GET /api/blog
[2025-07-03 09:07:08] INFO: GET /api/blog
[2025-07-03 09:13:30] INFO: GET /api/blog
[2025-07-03 09:14:14] INFO: GET /api/blog
[2025-07-03 09:15:01] INFO: GET /api/blog
[2025-07-03 09:16:38] INFO: GET /api/blog
[2025-07-03 09:18:41] INFO: GET /api/blog
[2025-07-03 09:19:43] INFO: GET /api/blog
[2025-07-03 09:19:44] INFO: GET /api/blog
[2025-07-03 09:19:50] INFO: POST /api/auth/login
[2025-07-03 09:19:51] INFO: GET /api/blog
[2025-07-03 09:19:51] INFO: GET /api/blog
[2025-07-03 09:19:58] INFO: GET /api/blog
[2025-07-03 09:20:26] INFO: POST /api/auth/login
[2025-07-03 09:20:26] INFO: GET /api/blog
[2025-07-03 09:20:26] INFO: GET /api/blog
[2025-07-03 09:23:50] INFO: GET /api/blog
[2025-07-03 09:23:50] INFO: GET /api/blog
[2025-07-03 09:24:42] INFO: POST /api/blog
[2025-07-03 09:24:42] INFO: GET /api/blog
[2025-07-03 09:24:42] INFO: GET /api/blog
[2025-07-03 09:24:49] INFO: GET /api/blog/6865ff027e87564673958df6
[2025-07-03 09:24:49] INFO: GET /api/blog/6865ff027e87564673958df6
[2025-07-03 09:24:53] INFO: PUT /api/blog/6865ff027e87564673958df6
[2025-07-03 09:24:54] INFO: GET /api/blog
[2025-07-03 09:24:54] INFO: GET /api/blog
[2025-07-03 09:24:58] INFO: GET /api/blog/6865ff027e87564673958df6
[2025-07-03 09:24:58] INFO: GET /api/blog/6865ff027e87564673958df6
[2025-07-03 09:25:07] INFO: PUT /api/blog/6865ff027e87564673958df6
[2025-07-03 09:25:07] INFO: GET /api/blog
[2025-07-03 09:25:07] INFO: GET /api/blog
[2025-07-03 09:25:14] INFO: GET /api/blog/6865ff027e87564673958df6
[2025-07-03 09:25:14] INFO: GET /api/blog/6865ff027e87564673958df6
[2025-07-03 09:25:20] INFO: PUT /api/blog/6865ff027e87564673958df6
[2025-07-03 09:25:20] INFO: GET /api/blog
[2025-07-03 09:25:20] INFO: GET /api/blog
[2025-07-03 09:25:29] INFO: DELETE /api/blog/68654d121338c3ae8efbe976
[2025-07-03 09:25:29] ERROR: Cannot read properties of undefined (reading 'toString')
[2025-07-03 09:28:11] INFO: server is running on port 8000
[2025-07-03 09:28:12] INFO: mongoDB connected
[2025-07-03 09:28:12] INFO: GET /api/blog
[2025-07-03 09:28:14] INFO: DELETE /api/blog/68654d121338c3ae8efbe976
[2025-07-03 09:28:14] ERROR: blog.remove is not a function
[2025-07-03 09:29:03] INFO: server is running on port 8000
[2025-07-03 09:29:03] INFO: mongoDB connected
[2025-07-03 09:29:08] INFO: server is running on port 8000
[2025-07-03 09:29:08] INFO: mongoDB connected
[2025-07-03 09:29:11] INFO: server is running on port 8000
[2025-07-03 09:29:11] INFO: mongoDB connected
[2025-07-03 09:29:16] INFO: DELETE /api/blog/68654d121338c3ae8efbe976
[2025-07-03 09:29:16] ERROR: blog.remove is not a function
[2025-07-03 09:30:09] INFO: server is running on port 8000
[2025-07-03 09:30:09] INFO: mongoDB connected
[2025-07-03 09:30:12] INFO: server is running on port 8000
[2025-07-03 09:30:12] INFO: mongoDB connected
[2025-07-03 09:30:23] INFO: server is running on port 8000
[2025-07-03 09:30:23] INFO: mongoDB connected
[2025-07-03 09:30:32] INFO: GET /api/blog
[2025-07-03 09:30:34] INFO: DELETE /api/blog/68654d121338c3ae8efbe976
[2025-07-03 09:30:34] INFO: GET /api/blog
[2025-07-03 09:30:36] INFO: DELETE /api/blog/68654ec0654dd903779ed8bf
[2025-07-03 09:30:36] INFO: GET /api/blog
[2025-07-03 09:30:37] INFO: DELETE /api/blog/686557ae18666332d21e535d
[2025-07-03 09:30:37] INFO: GET /api/blog
[2025-07-03 09:30:38] INFO: DELETE /api/blog/6865584ed7881b01c28b87fc
[2025-07-03 09:30:38] INFO: GET /api/blog
[2025-07-03 09:30:41] INFO: GET /api/blog/68655ce8e95b8f828a09e067
[2025-07-03 09:30:41] INFO: GET /api/blog/68655ce8e95b8f828a09e067
[2025-07-03 09:30:48] INFO: PUT /api/blog/68655ce8e95b8f828a09e067
[2025-07-03 09:30:48] INFO: GET /api/blog
[2025-07-03 09:30:48] INFO: GET /api/blog
[2025-07-03 09:31:14] INFO: POST /api/blog
[2025-07-03 09:31:14] INFO: GET /api/blog
[2025-07-03 09:31:14] INFO: GET /api/blog
[2025-07-03 09:35:44] INFO: POST /auth/register
[2025-07-03 09:35:49] INFO: POST /auth/register
[2025-07-03 09:35:56] INFO: POST /auth/register
[2025-07-03 09:37:08] INFO: server is running on port 8000
[2025-07-03 09:37:08] INFO: mongoDB connected
[2025-07-03 09:37:13] INFO: server is running on port 8000
[2025-07-03 09:37:14] INFO: mongoDB connected
[2025-07-03 09:37:18] INFO: server is running on port 8000
[2025-07-03 09:37:18] INFO: mongoDB connected
[2025-07-03 09:37:25] INFO: server is running on port 8000
[2025-07-03 09:37:25] INFO: mongoDB connected
[2025-07-03 09:37:27] INFO: POST /auth/register
[2025-07-03 09:37:56] INFO: server is running on port 8000
[2025-07-03 09:37:57] INFO: mongoDB connected
[2025-07-03 09:38:20] INFO: POST /auth/register
[2025-07-03 09:38:43] INFO: POST /api/auth/register
[2025-07-03 09:38:44] INFO: GET /api/blog
[2025-07-03 09:38:44] INFO: GET /api/blog
[2025-07-03 09:39:36] INFO: POST /api/auth/register
[2025-07-03 09:39:45] INFO: POST /api/auth/login
[2025-07-03 09:39:46] INFO: GET /api/blog
[2025-07-03 09:39:46] INFO: GET /api/blog
[2025-07-03 09:48:36] INFO: server is running on port 8000
[2025-07-03 09:48:36] INFO: mongoDB connected
[2025-07-03 09:48:39] INFO: server is running on port 8000
[2025-07-03 09:48:40] INFO: mongoDB connected
[2025-07-03 09:48:43] INFO: POST /api/blog
[2025-07-03 09:50:23] INFO: server is running on port 8000
[2025-07-03 09:50:24] INFO: mongoDB connected
[2025-07-03 09:50:32] INFO: POST /api/blog
[2025-07-03 09:51:31] INFO: POST /api/blog
[2025-07-03 09:56:21] INFO: server is running on port 8000
[2025-07-03 09:56:21] INFO: mongoDB connected
[2025-07-03 09:56:25] INFO: POST /api/blog
[2025-07-03 09:57:37] INFO: server is running on port 8000
[2025-07-03 09:57:37] INFO: mongoDB connected
[2025-07-03 10:04:34] INFO: POST /api/blog
[2025-07-03 10:04:34] INFO: GET /api/blog
[2025-07-03 10:04:34] INFO: GET /api/blog
[2025-07-03 10:05:28] INFO: server is running on port 8000
[2025-07-03 10:05:29] INFO: mongoDB connected
[2025-07-03 10:05:37] INFO: server is running on port 8000
[2025-07-03 10:05:37] INFO: mongoDB connected
[2025-07-03 10:05:44] INFO: server is running on port 8000
[2025-07-03 10:05:44] INFO: mongoDB connected
[2025-07-03 10:05:52] INFO: server is running on port 8000
[2025-07-03 10:05:53] INFO: mongoDB connected
[2025-07-03 10:07:15] INFO: server is running on port 8000
[2025-07-03 10:07:15] INFO: mongoDB connected
[2025-07-03 10:07:26] INFO: GET /api/blog
[2025-07-03 10:07:32] INFO: DELETE /api/blog/6866054b6f20053c58d9716b
[2025-07-03 10:07:32] ERROR: Cannot read properties of undefined (reading 'toString')
[2025-07-03 10:07:39] INFO: DELETE /api/blog/6866085a982a16dc44f3da0f
[2025-07-03 10:07:39] INFO: GET /api/blog
[2025-07-03 10:08:28] INFO: GET /api/blog
[2025-07-03 10:19:38] INFO: POST /api/blog
[2025-07-03 10:19:39] INFO: GET /api/blog
[2025-07-03 10:19:39] INFO: GET /api/blog
[2025-07-03 10:22:26] INFO: GET /api/blog
[2025-07-03 10:22:26] INFO: GET /api/blog
[2025-07-03 10:23:40] INFO: GET /api/blog
[2025-07-03 10:23:45] INFO: POST /api/auth/login
[2025-07-03 10:23:46] INFO: GET /api/blog
[2025-07-03 10:23:46] INFO: GET /api/blog
[2025-07-03 10:24:46] INFO: server is running on port 8000
[2025-07-03 10:24:46] INFO: mongoDB connected
[2025-07-03 10:25:00] INFO: GET /api/blog/68660be260e273723d99ed17
[2025-07-03 10:25:00] INFO: GET /api/blog/68660be260e273723d99ed17
[2025-07-03 10:25:02] INFO: PUT /api/blog/68660be260e273723d99ed17
[2025-07-03 10:25:56] INFO: PUT /api/blog/68660be260e273723d99ed17
[2025-07-03 10:26:30] INFO: server is running on port 8000
[2025-07-03 10:26:30] INFO: PUT /api/blog/68660be260e273723d99ed17
[2025-07-03 10:26:31] INFO: mongoDB connected
[2025-07-03 10:26:33] INFO: GET /api/blog
[2025-07-03 10:26:33] INFO: GET /api/blog
[2025-07-03 10:26:35] INFO: GET /api/blog
[2025-07-03 10:27:33] INFO: server is running on port 8000
[2025-07-03 10:27:34] INFO: mongoDB connected
[2025-07-03 10:27:38] INFO: server is running on port 8000
[2025-07-03 10:27:39] INFO: mongoDB connected
[2025-07-03 10:29:26] INFO: server is running on port 8000
[2025-07-03 10:29:27] INFO: mongoDB connected
[2025-07-03 10:29:27] INFO: POST /api/blog
[2025-07-03 10:29:28] INFO: GET /api/blog
[2025-07-03 10:29:28] INFO: GET /api/blog
[2025-07-03 10:29:31] INFO: GET /api/blog/68660be260e273723d99ed17
[2025-07-03 10:29:31] INFO: GET /api/blog/68660be260e273723d99ed17
[2025-07-03 10:29:33] INFO: PUT /api/blog/68660be260e273723d99ed17
[2025-07-03 10:29:51] INFO: server is running on port 8000
[2025-07-03 10:29:51] INFO: mongoDB connected
[2025-07-03 10:29:53] INFO: PUT /api/blog/68660be260e273723d99ed17
[2025-07-03 10:29:54] INFO: GET /api/blog
[2025-07-03 10:29:54] INFO: GET /api/blog
[2025-07-03 10:29:56] INFO: GET /api/blog/68660be260e273723d99ed17
[2025-07-03 10:29:56] INFO: GET /api/blog/68660be260e273723d99ed17
[2025-07-03 10:30:04] INFO: PUT /api/blog/68660be260e273723d99ed17
[2025-07-03 10:30:04] INFO: GET /api/blog
[2025-07-03 10:30:04] INFO: GET /api/blog
[2025-07-03 10:30:11] INFO: GET /api/blog/68660be260e273723d99ed17
[2025-07-03 10:30:11] INFO: GET /api/blog/68660be260e273723d99ed17
[2025-07-03 10:30:18] INFO: PUT /api/blog/68660be260e273723d99ed17
[2025-07-03 10:30:18] INFO: GET /api/blog
[2025-07-03 10:30:18] INFO: GET /api/blog
[2025-07-03 10:30:24] INFO: GET /api/blog/68660be260e273723d99ed17
[2025-07-03 10:30:24] INFO: GET /api/blog/68660be260e273723d99ed17
[2025-07-03 10:30:30] INFO: PUT /api/blog/68660be260e273723d99ed17
[2025-07-03 10:30:30] INFO: GET /api/blog
[2025-07-03 10:30:30] INFO: GET /api/blog
[2025-07-03 10:30:34] INFO: GET /api/blog/68660be260e273723d99ed17
[2025-07-03 10:30:34] INFO: GET /api/blog/68660be260e273723d99ed17
[2025-07-03 10:30:37] INFO: PUT /api/blog/68660be260e273723d99ed17
[2025-07-03 10:30:38] INFO: GET /api/blog
[2025-07-03 10:30:38] INFO: GET /api/blog
[2025-07-03 10:30:41] INFO: GET /api/blog/68660be260e273723d99ed17
[2025-07-03 10:30:41] INFO: GET /api/blog/68660be260e273723d99ed17
[2025-07-03 10:31:22] INFO: PUT /api/blog/68660be260e273723d99ed17
[2025-07-03 10:31:22] INFO: GET /api/blog
[2025-07-03 10:31:22] INFO: GET /api/blog
[2025-07-03 10:32:16] INFO: GET /api/blog
[2025-07-03 10:32:59] INFO: GET /api/blog
[2025-07-03 10:33:12] INFO: GET /api/blog
[2025-07-03 10:33:58] INFO: server is running on port 8000
[2025-07-03 10:33:58] INFO: mongoDB connected
[2025-07-03 10:34:04] INFO: GET /api/blog
[2025-07-03 10:38:54] INFO: GET /api/blog
[2025-07-03 10:39:05] INFO: GET /api/blog
[2025-07-03 10:39:55] INFO: GET /api/blog
[2025-07-03 10:45:56] INFO: GET /api/blog
[2025-07-03 10:46:05] INFO: GET /api/blog
[2025-07-03 10:47:31] INFO: GET /api/blog
[2025-07-03 10:50:11] INFO: server is running on port 8000
[2025-07-03 10:50:12] INFO: mongoDB connected
[2025-07-03 10:50:52] INFO: server is running on port 8000
[2025-07-03 10:50:57] INFO: server is running on port 8000
[2025-07-03 10:50:57] INFO: mongoDB connected
[2025-07-03 10:51:06] INFO: server is running on port 8000
[2025-07-03 10:51:07] INFO: mongoDB connected
[2025-07-03 10:51:15] INFO: GET /api/blog
[2025-07-03 10:51:38] INFO: server is running on port 8000
[2025-07-03 10:51:39] INFO: mongoDB connected
[2025-07-03 10:51:51] INFO: server is running on port 8000
[2025-07-03 10:51:52] INFO: mongoDB connected
[2025-07-03 10:52:04] INFO: GET /api/blog
[2025-07-03 10:52:39] INFO: server is running on port 8000
[2025-07-03 10:52:41] INFO: GET /api/blog
[2025-07-03 10:52:41] INFO: mongoDB connected
[2025-07-03 10:53:21] INFO: server is running on port 8000
[2025-07-03 10:53:21] INFO: mongoDB connected
[2025-07-03 10:53:28] INFO: GET /api/blog
[2025-07-03 10:55:23] INFO: server is running on port 8000
[2025-07-03 10:55:24] INFO: mongoDB connected
[2025-07-03 10:55:39] INFO: GET /api/blog
[2025-07-03 10:55:39] ERROR: Schema hasn't been registered for model "Users".
Use mongoose.model(name, schema)
[2025-07-03 10:56:11] INFO: server is running on port 8000
[2025-07-03 10:56:12] INFO: mongoDB connected
[2025-07-03 10:56:15] INFO: GET /api/blog
[2025-07-03 10:58:16] INFO: GET /api/blog
[2025-07-03 10:58:45] INFO: GET /api/blog
[2025-07-03 10:59:34] INFO: GET /api/blog
[2025-07-03 11:00:34] INFO: GET /api/blog
[2025-07-03 11:03:00] INFO: GET /api/blog
[2025-07-03 11:07:14] INFO: GET /api/blog
[2025-07-03 11:08:04] INFO: GET /api/blog
[2025-07-03 11:08:38] INFO: GET /api/blog
[2025-07-03 11:09:11] INFO: GET /api/blog
[2025-07-03 11:10:08] INFO: GET /api/blog
[2025-07-03 11:10:32] INFO: GET /api/blog
[2025-07-03 11:10:58] INFO: GET /api/blog
[2025-07-03 11:11:35] INFO: GET /api/blog
[2025-07-03 11:11:59] INFO: GET /api/blog
[2025-07-03 11:12:59] INFO: GET /api/blog
[2025-07-03 11:13:06] INFO: POST /api/auth/login
[2025-07-03 11:13:07] INFO: GET /api/blog
[2025-07-03 11:13:07] INFO: GET /api/blog
[2025-07-03 11:13:15] INFO: POST /api/auth/login
[2025-07-03 11:13:15] INFO: GET /api/blog
[2025-07-03 11:13:15] INFO: GET /api/blog
[2025-07-03 11:13:43] INFO: GET /api/blog
[2025-07-03 11:17:49] INFO: GET /api/blog
[2025-07-03 11:18:39] INFO: GET /api/blog
[2025-07-03 11:18:47] INFO: GET /api/blog
[2025-07-03 11:19:25] INFO: POST /api/blog
[2025-07-03 11:19:26] INFO: GET /api/blog
[2025-07-03 11:19:26] INFO: GET /api/blog
[2025-07-03 11:19:40] INFO: POST /api/blog
[2025-07-03 11:19:40] INFO: GET /api/blog
[2025-07-03 11:19:40] INFO: GET /api/blog
[2025-07-03 11:19:52] INFO: POST /api/auth/login
[2025-07-03 11:19:53] INFO: GET /api/blog
[2025-07-03 11:19:53] INFO: GET /api/blog
[2025-07-03 11:20:00] INFO: GET /api/blog
[2025-07-03 11:20:27] INFO: GET /api/blog
[2025-07-03 11:20:28] INFO: GET /api/blog
[2025-07-03 11:22:35] INFO: GET /api/blog
[2025-07-03 11:23:00] INFO: GET /api/blog
[2025-07-03 11:23:08] INFO: POST /api/auth/login
[2025-07-03 11:23:08] INFO: GET /api/blog
[2025-07-03 11:23:09] INFO: GET /api/blog
[2025-07-03 11:23:33] INFO: POST /api/auth/login
[2025-07-03 11:23:34] INFO: GET /api/blog
[2025-07-03 11:23:34] INFO: GET /api/blog
[2025-07-03 11:23:37] INFO: GET /api/blog
[2025-07-03 11:23:45] INFO: GET /api/blog
[2025-07-03 11:23:45] INFO: GET /api/blog
[2025-07-03 11:24:27] INFO: GET /api/blog
[2025-07-03 11:26:48] INFO: GET /api/blog
[2025-07-03 11:27:05] INFO: POST /api/auth/login
[2025-07-03 11:27:08] INFO: GET /api/blog
[2025-07-03 11:27:08] INFO: GET /api/blog
[2025-07-03 11:27:15] INFO: GET /api/blog
[2025-07-03 11:27:22] INFO: GET /api/blog
[2025-07-03 11:27:22] INFO: GET /api/blog
[2025-07-03 11:27:26] INFO: POST /api/auth/login
[2025-07-03 11:27:27] INFO: GET /api/blog
[2025-07-03 11:27:27] INFO: GET /api/blog
[2025-07-03 11:30:55] INFO: GET /api/blog
[2025-07-03 11:31:43] INFO: GET /api/blog
[2025-07-03 11:35:19] INFO: GET /api/blog
[2025-07-03 11:35:39] INFO: GET /api/blog
[2025-07-03 11:35:46] INFO: POST /api/auth/login
[2025-07-03 11:35:47] INFO: GET /api/blog
[2025-07-03 11:35:47] INFO: GET /api/blog
[2025-07-03 11:40:59] INFO: GET /api/blog
[2025-07-03 11:41:04] INFO: GET /api/blog
[2025-07-03 11:45:55] INFO: GET /api/blog
[2025-07-03 11:45:55] INFO: GET /api/blog
[2025-07-03 11:46:36] INFO: POST /api/auth/register
[2025-07-03 11:46:47] INFO: GET /api/blog
[2025-07-03 11:46:47] INFO: GET /api/blog
[2025-07-03 11:47:50] INFO: GET /api/blog
[2025-07-03 11:47:58] INFO: GET /api/blog
[2025-07-03 11:47:58] INFO: GET /api/blog
[2025-07-03 11:48:09] INFO: POST /api/auth/register
[2025-07-03 11:48:18] INFO: GET /api/blog
[2025-07-03 11:48:18] INFO: GET /api/blog
[2025-07-03 11:48:22] INFO: POST /api/auth/login
[2025-07-03 11:48:25] INFO: GET /api/blog
[2025-07-03 11:48:25] INFO: GET /api/blog
[2025-07-03 11:48:45] INFO: POST /api/blog
[2025-07-03 11:48:49] INFO: GET /api/blog
[2025-07-03 11:48:50] INFO: GET /api/blog
[2025-07-03 11:49:22] INFO: GET /api/blog
[2025-07-03 11:49:28] INFO: POST /api/auth/login
[2025-07-03 11:49:29] INFO: GET /api/blog
[2025-07-03 11:49:29] INFO: GET /api/blog
[2025-07-03 11:53:10] INFO: GET /api/blog
[2025-07-03 11:53:21] INFO: GET /api/blog
[2025-07-03 11:53:21] INFO: GET /api/blog
[2025-07-03 11:53:25] INFO: POST /api/auth/login
[2025-07-03 11:53:26] INFO: GET /api/blog
[2025-07-03 11:53:26] INFO: GET /api/blog
[2025-07-03 11:53:31] INFO: GET /api/blog
[2025-07-03 11:55:11] INFO: POST /api/auth/login
[2025-07-03 11:55:12] INFO: GET /api/blog
[2025-07-03 11:55:12] INFO: GET /api/blog
[2025-07-03 11:57:03] INFO: GET /api/blog
[2025-07-03 11:57:03] INFO: GET /api/blog
[2025-07-03 11:58:33] INFO: GET /api/blog
[2025-07-03 11:58:33] INFO: GET /api/blog
[2025-07-03 11:59:15] INFO: GET /api/blog
[2025-07-03 11:59:26] INFO: GET /api/blog
[2025-07-03 11:59:26] INFO: GET /api/blog
[2025-07-03 11:59:34] INFO: POST /api/auth/login
[2025-07-03 11:59:41] INFO: GET /api/blog
[2025-07-03 11:59:41] INFO: GET /api/blog
[2025-07-03 11:59:51] INFO: POST /api/auth/login
[2025-07-03 12:00:52] INFO: GET /api/blog
[2025-07-03 12:01:20] INFO: GET /api/blog
[2025-07-03 12:01:20] INFO: GET /api/blog
[2025-07-03 12:01:23] INFO: GET /api/blog
[2025-07-03 12:01:23] INFO: GET /api/blog
[2025-07-03 12:05:44] INFO: GET /api/blog
[2025-07-03 12:05:49] INFO: POST /api/auth/login
[2025-07-03 12:05:50] INFO: GET /api/blog
[2025-07-03 12:05:50] INFO: GET /api/blog
[2025-07-03 12:08:13] INFO: GET /api/blog
[2025-07-03 12:09:18] INFO: GET /api/blog
[2025-07-03 12:09:26] INFO: GET /api/blog
[2025-07-03 12:11:25] INFO: GET /api/blog
[2025-07-03 12:11:25] INFO: GET /api/blog
[2025-07-03 12:11:36] INFO: GET /api/blog
[2025-07-03 12:11:36] INFO: GET /api/blog
[2025-07-03 12:14:30] INFO: POST /api/auth/login
[2025-07-03 12:14:30] INFO: GET /api/blog
[2025-07-03 12:14:30] INFO: GET /api/blog
[2025-07-03 12:14:36] INFO: GET /api/blog
[2025-07-03 12:15:25] INFO: GET /api/blog
[2025-07-03 15:07:45] INFO: server is running on port 5000
[2025-07-03 15:07:46] INFO: mongoDB connected
[2025-07-03 15:07:58] INFO: GET /api/auth/check-helth
[2025-07-03 15:07:58] INFO: GET /favicon.ico
[2025-07-03 15:23:26] INFO: server is running on port 5000
[2025-07-03 15:23:26] ERROR: querySrv ECONNREFUSED _mongodb._tcp.cluster0.kecmcz2.mongodb.net
[2025-07-03 15:26:13] INFO: server is running on port 5000
[2025-07-03 15:26:14] INFO: mongoDB connected
[2025-07-03 15:26:27] INFO: GET /api/auth/check-helth
[2025-07-03 15:38:10] INFO: GET /api/auth/check-helth
[2025-07-03 15:48:58] INFO: server is running on port 5000
[2025-07-03 15:48:58] INFO: mongoDB connected
[2025-07-03 15:49:08] INFO: server is running on port 5000
[2025-07-03 15:49:08] INFO: mongoDB connected
[2025-07-03 15:50:21] INFO: server is running on port 5000
[2025-07-03 15:50:21] INFO: mongoDB connected
[2025-07-03 15:50:23] INFO: server is running on port 5000
[2025-07-03 15:50:23] INFO: mongoDB connected
[2025-07-03 15:50:44] INFO: server is running on port 5000
[2025-07-03 15:50:44] INFO: mongoDB connected
[2025-07-03 15:50:51] INFO: server is running on port 5000
[2025-07-03 15:50:52] INFO: mongoDB connected
[2025-07-03 15:51:05] INFO: server is running on port 5000
[2025-07-03 15:51:05] INFO: mongoDB connected
[2025-07-03 15:55:26] INFO: mongoDB connected
[2025-07-03 16:18:56] INFO: mongoDB connected
[2025-07-03 16:19:58] INFO: server is running on port 5000
[2025-07-03 16:19:58] INFO: mongoDB connected
[2025-07-03 16:20:34] INFO: server is running on port 5000
[2025-07-03 16:20:34] INFO: mongoDB connected
[2025-07-03 16:20:38] INFO: server is running on port 5000
[2025-07-03 16:20:38] INFO: mongoDB connected
[2025-07-03 16:20:47] INFO: server is running on port 5000
[2025-07-03 16:20:47] INFO: mongoDB connected
[2025-07-03 16:42:59] INFO: server is running on port 5000
[2025-07-03 16:42:59] INFO: mongoDB connected
[2025-07-03 16:43:09] INFO: server is running on port 5000
[2025-07-03 16:43:09] INFO: mongoDB connected
[2025-07-03 16:53:17] INFO: server is running on port 5000
[2025-07-03 16:53:18] INFO: mongoDB connected
